0 info it worked if it ends with ok
1 verbose cli [ 'node', '/usr/local/bin/npm', 'publish' ]
2 info using npm@1.3.8
3 info using node@v0.10.16
4 verbose publish [ '.' ]
5 verbose cache add [ '.', null ]
6 verbose cache add name=undefined spec="." args=[".",null]
7 verbose parsed url { protocol: null,
7 verbose parsed url   slashes: null,
7 verbose parsed url   auth: null,
7 verbose parsed url   host: null,
7 verbose parsed url   port: null,
7 verbose parsed url   hostname: null,
7 verbose parsed url   hash: null,
7 verbose parsed url   search: null,
7 verbose parsed url   query: null,
7 verbose parsed url   pathname: '.',
7 verbose parsed url   path: '.',
7 verbose parsed url   href: '.' }
8 silly lockFile 3a52ce78- .
9 verbose lock . /Users/georgesn/.npm/3a52ce78-.lock
10 verbose tar pack [ '/var/folders/fu/fua4vDKHF3uXVGnzB6zAXE+++TI/-Tmp-/npm-27495-s_C2401v/1381557647669-0.9559319652616978/tmp.tgz',
10 verbose tar pack   '.' ]
11 verbose tarball /var/folders/fu/fua4vDKHF3uXVGnzB6zAXE+++TI/-Tmp-/npm-27495-s_C2401v/1381557647669-0.9559319652616978/tmp.tgz
12 verbose folder .
13 silly lockFile 1f1177db-tar tar://.
14 verbose lock tar://. /Users/georgesn/.npm/1f1177db-tar.lock
15 silly lockFile 304658e9-47669-0-9559319652616978-tmp-tgz tar:///var/folders/fu/fua4vDKHF3uXVGnzB6zAXE+++TI/-Tmp-/npm-27495-s_C2401v/1381557647669-0.9559319652616978/tmp.tgz
16 verbose lock tar:///var/folders/fu/fua4vDKHF3uXVGnzB6zAXE+++TI/-Tmp-/npm-27495-s_C2401v/1381557647669-0.9559319652616978/tmp.tgz /Users/georgesn/.npm/304658e9-47669-0-9559319652616978-tmp-tgz.lock
17 silly lockFile 1f1177db-tar tar://.
18 silly lockFile 1f1177db-tar tar://.
19 silly lockFile 304658e9-47669-0-9559319652616978-tmp-tgz tar:///var/folders/fu/fua4vDKHF3uXVGnzB6zAXE+++TI/-Tmp-/npm-27495-s_C2401v/1381557647669-0.9559319652616978/tmp.tgz
20 silly lockFile 304658e9-47669-0-9559319652616978-tmp-tgz tar:///var/folders/fu/fua4vDKHF3uXVGnzB6zAXE+++TI/-Tmp-/npm-27495-s_C2401v/1381557647669-0.9559319652616978/tmp.tgz
21 verbose tar unpack /var/folders/fu/fua4vDKHF3uXVGnzB6zAXE+++TI/-Tmp-/npm-27495-s_C2401v/1381557647669-0.9559319652616978/tmp.tgz
22 silly lockFile 608c35c7-47669-0-9559319652616978-package tar:///var/folders/fu/fua4vDKHF3uXVGnzB6zAXE+++TI/-Tmp-/npm-27495-s_C2401v/1381557647669-0.9559319652616978/package
23 verbose lock tar:///var/folders/fu/fua4vDKHF3uXVGnzB6zAXE+++TI/-Tmp-/npm-27495-s_C2401v/1381557647669-0.9559319652616978/package /Users/georgesn/.npm/608c35c7-47669-0-9559319652616978-package.lock
24 silly lockFile 304658e9-47669-0-9559319652616978-tmp-tgz tar:///var/folders/fu/fua4vDKHF3uXVGnzB6zAXE+++TI/-Tmp-/npm-27495-s_C2401v/1381557647669-0.9559319652616978/tmp.tgz
25 verbose lock tar:///var/folders/fu/fua4vDKHF3uXVGnzB6zAXE+++TI/-Tmp-/npm-27495-s_C2401v/1381557647669-0.9559319652616978/tmp.tgz /Users/georgesn/.npm/304658e9-47669-0-9559319652616978-tmp-tgz.lock
26 silly gunzTarPerm modes [ '755', '644' ]
27 silly gunzTarPerm extractEntry package.json
28 silly gunzTarPerm extractEntry .npmignore
29 silly gunzTarPerm extractEntry chk.js
30 silly gunzTarPerm extractEntry test.js
31 silly gunzTarPerm extractEntry Readme.md
32 silly lockFile 608c35c7-47669-0-9559319652616978-package tar:///var/folders/fu/fua4vDKHF3uXVGnzB6zAXE+++TI/-Tmp-/npm-27495-s_C2401v/1381557647669-0.9559319652616978/package
33 silly lockFile 608c35c7-47669-0-9559319652616978-package tar:///var/folders/fu/fua4vDKHF3uXVGnzB6zAXE+++TI/-Tmp-/npm-27495-s_C2401v/1381557647669-0.9559319652616978/package
34 silly lockFile 304658e9-47669-0-9559319652616978-tmp-tgz tar:///var/folders/fu/fua4vDKHF3uXVGnzB6zAXE+++TI/-Tmp-/npm-27495-s_C2401v/1381557647669-0.9559319652616978/tmp.tgz
35 silly lockFile 304658e9-47669-0-9559319652616978-tmp-tgz tar:///var/folders/fu/fua4vDKHF3uXVGnzB6zAXE+++TI/-Tmp-/npm-27495-s_C2401v/1381557647669-0.9559319652616978/tmp.tgz
36 verbose tar pack [ '/Users/georgesn/.npm/chk/0.1.13/package.tgz',
36 verbose tar pack   '/var/folders/fu/fua4vDKHF3uXVGnzB6zAXE+++TI/-Tmp-/npm-27495-s_C2401v/1381557647669-0.9559319652616978/package' ]
37 verbose tarball /Users/georgesn/.npm/chk/0.1.13/package.tgz
38 verbose folder /var/folders/fu/fua4vDKHF3uXVGnzB6zAXE+++TI/-Tmp-/npm-27495-s_C2401v/1381557647669-0.9559319652616978/package
39 silly lockFile 608c35c7-47669-0-9559319652616978-package tar:///var/folders/fu/fua4vDKHF3uXVGnzB6zAXE+++TI/-Tmp-/npm-27495-s_C2401v/1381557647669-0.9559319652616978/package
40 verbose lock tar:///var/folders/fu/fua4vDKHF3uXVGnzB6zAXE+++TI/-Tmp-/npm-27495-s_C2401v/1381557647669-0.9559319652616978/package /Users/georgesn/.npm/608c35c7-47669-0-9559319652616978-package.lock
41 silly lockFile 8007b42d-rgesn-npm-chk-0-1-13-package-tgz tar:///Users/georgesn/.npm/chk/0.1.13/package.tgz
42 verbose lock tar:///Users/georgesn/.npm/chk/0.1.13/package.tgz /Users/georgesn/.npm/8007b42d-rgesn-npm-chk-0-1-13-package-tgz.lock
43 silly lockFile 608c35c7-47669-0-9559319652616978-package tar:///var/folders/fu/fua4vDKHF3uXVGnzB6zAXE+++TI/-Tmp-/npm-27495-s_C2401v/1381557647669-0.9559319652616978/package
44 silly lockFile 608c35c7-47669-0-9559319652616978-package tar:///var/folders/fu/fua4vDKHF3uXVGnzB6zAXE+++TI/-Tmp-/npm-27495-s_C2401v/1381557647669-0.9559319652616978/package
45 silly lockFile 8007b42d-rgesn-npm-chk-0-1-13-package-tgz tar:///Users/georgesn/.npm/chk/0.1.13/package.tgz
46 silly lockFile 8007b42d-rgesn-npm-chk-0-1-13-package-tgz tar:///Users/georgesn/.npm/chk/0.1.13/package.tgz
47 silly lockFile 573efeff--georgesn-npm-chk-0-1-13-package /Users/georgesn/.npm/chk/0.1.13/package
48 verbose lock /Users/georgesn/.npm/chk/0.1.13/package /Users/georgesn/.npm/573efeff--georgesn-npm-chk-0-1-13-package.lock
49 silly lockFile 573efeff--georgesn-npm-chk-0-1-13-package /Users/georgesn/.npm/chk/0.1.13/package
50 silly lockFile 573efeff--georgesn-npm-chk-0-1-13-package /Users/georgesn/.npm/chk/0.1.13/package
51 verbose tar unpack /Users/georgesn/.npm/chk/0.1.13/package.tgz
52 silly lockFile 31de4c2c--georgesn-npm-chk-0-1-13-package tar:///Users/georgesn/.npm/chk/0.1.13/package
53 verbose lock tar:///Users/georgesn/.npm/chk/0.1.13/package /Users/georgesn/.npm/31de4c2c--georgesn-npm-chk-0-1-13-package.lock
54 silly lockFile 8007b42d-rgesn-npm-chk-0-1-13-package-tgz tar:///Users/georgesn/.npm/chk/0.1.13/package.tgz
55 verbose lock tar:///Users/georgesn/.npm/chk/0.1.13/package.tgz /Users/georgesn/.npm/8007b42d-rgesn-npm-chk-0-1-13-package-tgz.lock
56 silly gunzTarPerm modes [ '755', '644' ]
57 silly gunzTarPerm extractEntry package.json
58 silly gunzTarPerm extractEntry .npmignore
59 silly gunzTarPerm extractEntry chk.js
60 silly gunzTarPerm extractEntry test.js
61 silly gunzTarPerm extractEntry Readme.md
62 silly lockFile 31de4c2c--georgesn-npm-chk-0-1-13-package tar:///Users/georgesn/.npm/chk/0.1.13/package
63 silly lockFile 31de4c2c--georgesn-npm-chk-0-1-13-package tar:///Users/georgesn/.npm/chk/0.1.13/package
64 silly lockFile 8007b42d-rgesn-npm-chk-0-1-13-package-tgz tar:///Users/georgesn/.npm/chk/0.1.13/package.tgz
65 silly lockFile 8007b42d-rgesn-npm-chk-0-1-13-package-tgz tar:///Users/georgesn/.npm/chk/0.1.13/package.tgz
66 verbose chmod /Users/georgesn/.npm/chk/0.1.13/package.tgz 644
67 verbose chown /Users/georgesn/.npm/chk/0.1.13/package.tgz [ 501, 20 ]
68 silly lockFile 3a52ce78- .
69 silly lockFile 3a52ce78- .
70 silly publish { name: 'chk',
70 silly publish   version: '0.1.13',
70 silly publish   description: 'The world\'s only javascript value checker',
70 silly publish   homepage: 'https://github.com/3meters/chk',
70 silly publish   keywords:
70 silly publish    [ 'argument',
70 silly publish      'arguments',
70 silly publish      'parameter',
70 silly publish      'parameters',
70 silly publish      'check',
70 silly publish      'checker',
70 silly publish      'schema' ],
70 silly publish   author: { name: 'George Snelling', email: 'george@3meters.com' },
70 silly publish   repository: { type: 'git', url: 'git://github.com/3meters/chk.git' },
70 silly publish   dependencies: { tipe: '*' },
70 silly publish   main: 'chk.js',
70 silly publish   scripts: { test: 'node test.js' },
70 silly publish   license: 'MIT',
70 silly publish   readmeFilename: 'Readme.md',
70 silly publish   readme: '#chk\n\n  The world\'s only javascript value checker\n\n## Why?\n\n  Javascript\'s loose typing is lovely, except when it is not.  chk lets you validate any value aginst any schema that you define. \n  \n## Install for nodejs\n\n```\nnpm install chk\n```\n\n## Use\nCall chk passing in a value and a schema.  Chk returns null on success or the first error it encouters on failure.  \n\n### Bare minium\n```js\nvar chk = require(\'chk\')\nvar schema = {type: \'string\'}\nvar val = \'foo\'\nvar err = chk(val, schema)   // err is null\nval = 1\nerr = chk(val, schema)       // err is Error with code \'badType\'\n```\n### Values can be scalars or objects\n```js\nschema = {\n  str1: {type: \'string\'},\n  num1: {type: \'number\'}\n}\nerr = chk({str1: \'foo\', num1: 2}, schema)  // err is null\nerr = chk({str1: 2}, schema)  // err is Error with code \'badType\'\n```\n### Required\n```js\nschema = {s1: {type: \'string\', required: true}}\nerr = chk({s1: \'foo\', s2: \'bar\'}, schema)   // err is null\nerr = chk({s2: \'bar\'}, schema)              // err is Error with code \'missingParam\'\n```\n\n### Value checking with delimted string enums\n```js\nschema = {type: \'string\', value: \'one|or|another\'}\nerr = chk(\'or\', schema)  // err is null\nerr = chk(\'notOne\', schema)  // err is Error wtih code \'badValue\'\n```\n\n### Optionally fail on unknown object keys with option strict\n```js\nschema = {foo: {type: \'string\'}}\nerr = chk({foo: \'hello\', bar: \'goodbye\'}, schema)  // err is null\nerr = chk({foo: \'hello\', bar: \'goodbye\'}, schema, {strict: true})  // err is Error with code \'badParam\'\n```\n\n### Custom Validators\n```js\nschema = {n1: {\n  type: \'number\',\n  value: function(v) {\n    if (v > 0) return null\n    else return new Error(\'n1 must be greater than zero\')\n  }\n}}\n```\nor\n```js\nschema = {\n  a1: {type: \'array\', value: {\n    type: \'object\',\n    validate: function(v) {\n      if (v.n1 > v.n2) return new Error(\'object.n1 must be greater than object.n2\')\n      return null\n    }\n  }}\n}\n```\nPassing data to validators is easy. Within your validator, the this object refers to the top-level passed-in value, and the options object is passed through\n```js\n  var schema = {\n    n1: {type: \'number\', default: 0},\n    n2: {type: \'number\', validate: n2Validate}\n  }\n  function n2Validate(v, options) {\n    if (v !== this.n1) return \'n2 must equal n1\'\n    if (options.foo) return \'options.foo must not be\'\n  }\n  chk({n1:1, n2:1}, schema)  // null\n  chk({n1:1, n2:2}, schema)  // Error: \'n2 must equal n1\'\n  chk({n1:1, n2:1}, schema, {foo:true})  // Error: \'options.foo must not be\'\n\n```\nwill run the validator for each element in the array\n```js\n  var schema = {\n    n1: {type: \'number\', default: 0},\n    n2: {type: \'number\', validate: n2Validate}\n  }\n  function n2Validate(v) {\n    if (v !== this.n1) return \'n2 must equal n1\'\n  }\n  chk({n1:1, n2:1}, schema)  // null\n  chk({n1:1, n2:2}, schema)  // Error: \'n2 must equal n1\'\n\n```\nwill run the validator for each element in the array\n```js\n```\n### Multiple Accepted Types\n```js\nschema = {val1: {type: \'string|number|date\'}}\n```\n### Set Value Defaults\n```js\nschema = {\n  s1: {type: \'string\'}\n  s2: {type: \'string\', default: \'goodbye\'}\n}\nval = {s1: \'hello\'} \nerr = chk(val, schema)  // err is null\nconsole.log(val)        // {s1: \'hello\', s2: \'goodbye\'}\n```\n### Optionally Coerce Types\nHandy for casting numbers or booleans from query strings\n```js\nschema = {n1: {type: \'number\'}, b1: {type: \'boolean\'}}\nval = {n1: \'12\', b2: \'true\'}\nerr = chk(val, schema)  // err is null\nconsole.log(val)  // {n1: 12, b2: true}  // types have been cast from string to target type\nval = {n1: \'12\', b2: \'true\'}\nerr = chk({n1: \'12\', b2: \'true\'}, schema, {doNotCoerce: true}) // coercion off, err is Error with code \'badType\'\n```\n### Nested Objects\n```js\nschema = {\n  s1: {type: \'string\'},\n  o1: {type: \'object\', value: {\n    n1: {type: \'number\', required: true},\n    d1: {type: \'date\'},\n    o2: {type: \'object\', value: {\n      s1: {type: \'string\', default: \'I am deep in my nest\'}\n    }\n  }\n}\n```\n### Nested Arrays\nNested schemas are applied to each element in the array\n```js\nschema = {a1: {type: \'array\', value: {type: \'number\'}}}\nerr = chk({a1: [1,2,3]})  // err is null\nerr = chk({a1: [1, 2, \'3\']})  // err is Error with code \'badType\'\n```\n### Arrays of Objects\n```js\nschema = {\n  {type: \'array\' value: {type: \'object\', value: {s1: {type: \'string\'}, n1: {type: \'number\'}}}\n}\nvar err = chk([{s1: \'foo\', n1: 1}, {s1: \'bar\', n1: 2}])  // err is null\nvar err = chk([{s1: \'foo\', n1: 1}, {s1: \'bar\', n1: \'baz\'}])  // err is Error with code \'badType\'\n```\n### Options\nOptions and their defaults are:\n```js\n  {\n    strict: false,          // do not allow unspecified properties of objects\n    ignoreDefaults: false,  // do not set default values, handy for db updates\n    ignoreRequired: false,  // do not enforce required, handy for db updates\n    doNotCoerce: false,     // do not coerce types\n    log: false              // log the arguments to each recursive chk call,\n                            //     handy for debugging deeply nested schemas\n  }\n```\nOptions can be set as an optional third argument to the top level call, or as properties of any schema or sub-schema.  They remain set for all children unless they are overridden.  For example, a top-level schema can be strict, meaning no unrecognized properties are allowed, except for one property, which can be unstrict, allowing un-specified sub-properties, except for one of its sub-properties, which must be strict, etc. For example: \n```js\nschema = {\n  o1: {type: \'object\', value: {\n    s1: {type: \'string\'},\n    s2: {type: \'string\'},\n  },\n  o2: {type: \'object\', strict: false, value: {\n    s1: {type: \'string\'},\n    s2: {type: \'string\'},\n    o1: {type: \'object\', strict: true: value: {\n      n1: {type: \'number\'}\n    }\n  }\n}\nval = {\n  o1: {s1: \'foo\', s2: \'bar\'},\n  o2: {s1: \'foo\', s2: \'bar\', s3: \'baz}\n}\nerr = chk(val, schema, {strict: true}) // err is null because o2 strict attribute overrode option\nval.o2.o1 = {n2: 100}\nerr = chk(val, schema, {strict: true}) // err is Error because schema.o2.o1 does not allow properties other than n1\n\n```\n## Copyright\n  Copyright (c) 2013 3meters.  All rights reserverd.\n\n## License\n  MIT\n',
70 silly publish   bugs: { url: 'https://github.com/3meters/chk/issues' },
70 silly publish   _id: 'chk@0.1.13',
70 silly publish   dist: { shasum: '459a2db57dc9f09b53e806b7e5d2800ee44d7ec4' },
70 silly publish   _from: '.' }
71 verbose url raw chk
72 verbose url resolving [ 'https://registry.npmjs.org/', './chk' ]
73 verbose url resolved https://registry.npmjs.org/chk
74 info trying registry request attempt 1 at 23:00:47
75 http PUT https://registry.npmjs.org/chk
76 http 409 https://registry.npmjs.org/chk
77 verbose url raw chk
78 verbose url resolving [ 'https://registry.npmjs.org/', './chk' ]
79 verbose url resolved https://registry.npmjs.org/chk
80 info trying registry request attempt 1 at 23:00:48
81 http GET https://registry.npmjs.org/chk
82 http 200 https://registry.npmjs.org/chk
83 error publish fail Cannot publish over existing version.
83 error publish fail Update the 'version' field in package.json and try again.
83 error publish fail
83 error publish fail If the previous version was published in error, see:
83 error publish fail     npm help unpublish
83 error publish fail
83 error publish fail To automatically increment version numbers, see:
83 error publish fail     npm help version
84 error System Darwin 10.8.0
85 error command "node" "/usr/local/bin/npm" "publish"
86 error cwd /Users/georgesn/chk
87 error node -v v0.10.16
88 error npm -v 1.3.8
89 error code EPUBLISHCONFLICT
90 verbose exit [ 1, true ]
